2018-07-05 12:22:49,560 p=16061 u=oonisim |  ansible-playbook 2.4.2.0
  config file = /Users/oonisim/Home/Study/Computing/04.Technologies/GA/Spark/Apache-Spark-Installation/cluster/ansible/cluster/03_baseware/plays/ansible.cfg
  configured module search path = [u'/Users/oonisim/.ansible/plugins/modules', u'/usr/share/ansible/plugins/modules']
  ansible python module location = /Library/Frameworks/Python.framework/Versions/2.7/lib/python2.7/site-packages/ansible
  executable location = /Library/Frameworks/Python.framework/Versions/2.7/bin/ansible-playbook
  python version = 2.7.9 (v2.7.9:648dcafa7e5f, Dec 10 2014, 10:10:46) [GCC 4.2.1 (Apple Inc. build 5666) (dot 3)]
2018-07-05 12:22:49,561 p=16061 u=oonisim |  Using /Users/oonisim/Home/Study/Computing/04.Technologies/GA/Spark/Apache-Spark-Installation/cluster/ansible/cluster/03_baseware/plays/ansible.cfg as config file
2018-07-05 12:22:49,564 p=16061 u=oonisim |  setting up inventory plugins
2018-07-05 12:23:19,700 p=16061 u=oonisim |  Parsed /Users/oonisim/Home/Study/Computing/04.Technologies/GA/Spark/Apache-Spark-Installation/cluster/ansible/cluster/03_baseware/plays/hosts/ec2.py inventory source with script plugin
2018-07-05 12:23:19,891 p=16061 u=oonisim |  Parsed /Users/oonisim/Home/Study/Computing/04.Technologies/GA/Spark/Apache-Spark-Installation/cluster/ansible/cluster/03_baseware/plays/hosts/hosts inventory source with ini plugin
2018-07-05 12:23:21,481 p=16061 u=oonisim |  Loading callback plugin default of type stdout, v2.0 from /Library/Frameworks/Python.framework/Versions/2.7/lib/python2.7/site-packages/ansible/plugins/callback/__init__.pyc
2018-07-05 12:23:21,809 p=16061 u=oonisim |  [DEPRECATION WARNING]: default callback, does not support setting 'options', it will work for now,  but this will be required in the future and should be updated,  see the 2.4 porting guide for details.. This feature will be removed in version 2.9. Deprecation warnings 
can be disabled by setting deprecation_warnings=False in ansible.cfg.
2018-07-05 12:23:21,955 p=16061 u=oonisim |  Loading callback plugin profile_tasks of type aggregate, v2.0 from /Library/Frameworks/Python.framework/Versions/2.7/lib/python2.7/site-packages/ansible/plugins/callback/__init__.pyc
2018-07-05 12:23:22,300 p=16061 u=oonisim |   ____________________ 
< PLAYBOOK: site.yml >
 -------------------- 
        \   ^__^
         \  (oo)\_______
            (__)\       )\/\
                ||----w |
                ||     ||


2018-07-05 12:23:22,301 p=16061 u=oonisim |  2 plays in site.yml
2018-07-05 12:23:22,667 p=16061 u=oonisim |   _______________________________ 
< PLAY [Setup for worker nodes] >
 ------------------------------- 
        \   ^__^
         \  (oo)\_______
            (__)\       )\/\
                ||----w |
                ||     ||


2018-07-05 12:23:22,960 p=16061 u=oonisim |   [WARNING]: While constructing a mapping from /Users/oonisim/Home/Study/Computing/04.Technologies/GA/Spark/Apache-Spark-Installation/cluster/conf/ansible/inventories/aws/group_vars/all/server.yml, line 2, column 1, found a duplicate dict key (K8S_VERSION_191). Using last
defined value only.

2018-07-05 12:23:23,027 p=16061 u=oonisim |   ________________________ 
< TASK [Gathering Facts] >
 ------------------------ 
        \   ^__^
         \  (oo)\_______
            (__)\       )\/\
                ||----w |
                ||     ||


2018-07-05 12:23:23,028 p=16061 u=oonisim |  Thursday 05 July 2018  12:23:23 +1000 (0:00:01.083)       0:00:01.083 ********* 
2018-07-05 12:23:23,838 p=16061 u=oonisim |  Using module file /Library/Frameworks/Python.framework/Versions/2.7/lib/python2.7/site-packages/ansible/modules/system/setup.py
2018-07-05 12:23:23,840 p=16061 u=oonisim |  Using module file /Library/Frameworks/Python.framework/Versions/2.7/lib/python2.7/site-packages/ansible/modules/system/setup.py
2018-07-05 12:23:30,797 p=16061 u=oonisim |  ok: [13.57.226.104]
2018-07-05 12:23:33,101 p=16061 u=oonisim |  ok: [54.67.77.29]
2018-07-05 12:23:33,120 p=16061 u=oonisim |  META: ran handlers
2018-07-05 12:23:33,209 p=16061 u=oonisim |   ______________________________________________ 
< TASK [java : Include OS-specific variables.] >
 ---------------------------------------------- 
        \   ^__^
         \  (oo)\_______
            (__)\       )\/\
                ||----w |
                ||     ||


2018-07-05 12:23:33,210 p=16061 u=oonisim |  task path: /Users/oonisim/Home/Study/Computing/04.Technologies/GA/Spark/Apache-Spark-Installation/cluster/ansible/cluster/03_baseware/plays/roles/java/tasks/main.yml:2
2018-07-05 12:23:33,210 p=16061 u=oonisim |  Thursday 05 July 2018  12:23:33 +1000 (0:00:10.182)       0:00:11.265 ********* 
2018-07-05 12:23:33,357 p=16061 u=oonisim |  ok: [13.57.226.104] => {
    "ansible_facts": {
        "__java_packages": [
            "java-1.8.0-openjdk"
        ]
    }, 
    "ansible_included_var_files": [
        "/Users/oonisim/Home/Study/Computing/04.Technologies/GA/Spark/Apache-Spark-Installation/cluster/ansible/cluster/03_baseware/plays/roles/java/vars/RedHat.yml"
    ], 
    "changed": false
}
2018-07-05 12:23:33,359 p=16061 u=oonisim |  ok: [54.67.77.29] => {
    "ansible_facts": {
        "__java_packages": [
            "java-1.8.0-openjdk"
        ]
    }, 
    "ansible_included_var_files": [
        "/Users/oonisim/Home/Study/Computing/04.Technologies/GA/Spark/Apache-Spark-Installation/cluster/ansible/cluster/03_baseware/plays/roles/java/vars/RedHat.yml"
    ], 
    "changed": false
}
2018-07-05 12:23:33,418 p=16061 u=oonisim |   _________________________________________________________ 
< TASK [java : Include OS-specific variables for Fedora.] >
 --------------------------------------------------------- 
        \   ^__^
         \  (oo)\_______
            (__)\       )\/\
                ||----w |
                ||     ||


2018-07-05 12:23:33,418 p=16061 u=oonisim |  task path: /Users/oonisim/Home/Study/Computing/04.Technologies/GA/Spark/Apache-Spark-Installation/cluster/ansible/cluster/03_baseware/plays/roles/java/tasks/main.yml:8
2018-07-05 12:23:33,419 p=16061 u=oonisim |  Thursday 05 July 2018  12:23:33 +1000 (0:00:00.208)       0:00:11.474 ********* 
2018-07-05 12:23:33,451 p=16061 u=oonisim |  skipping: [13.57.226.104] => {
    "changed": false, 
    "skip_reason": "Conditional result was False"
}
2018-07-05 12:23:33,469 p=16061 u=oonisim |  skipping: [54.67.77.29] => {
    "changed": false, 
    "skip_reason": "Conditional result was False"
}
2018-07-05 12:23:33,531 p=16061 u=oonisim |   _____________________________________________________ 
/ TASK [java : Include version-specific variables for \
\ Debian.]                                            /
 ----------------------------------------------------- 
        \   ^__^
         \  (oo)\_______
            (__)\       )\/\
                ||----w |
                ||     ||


2018-07-05 12:23:33,532 p=16061 u=oonisim |  task path: /Users/oonisim/Home/Study/Computing/04.Technologies/GA/Spark/Apache-Spark-Installation/cluster/ansible/cluster/03_baseware/plays/roles/java/tasks/main.yml:12
2018-07-05 12:23:33,532 p=16061 u=oonisim |  Thursday 05 July 2018  12:23:33 +1000 (0:00:00.113)       0:00:11.588 ********* 
2018-07-05 12:23:33,570 p=16061 u=oonisim |  skipping: [13.57.226.104] => {
    "changed": false, 
    "skip_reason": "Conditional result was False"
}
2018-07-05 12:23:33,586 p=16061 u=oonisim |  skipping: [54.67.77.29] => {
    "changed": false, 
    "skip_reason": "Conditional result was False"
}
2018-07-05 12:23:33,642 p=16061 u=oonisim |   _____________________________________ 
< TASK [java : Define java_packages.] >
 ------------------------------------- 
        \   ^__^
         \  (oo)\_______
            (__)\       )\/\
                ||----w |
                ||     ||


2018-07-05 12:23:33,642 p=16061 u=oonisim |  task path: /Users/oonisim/Home/Study/Computing/04.Technologies/GA/Spark/Apache-Spark-Installation/cluster/ansible/cluster/03_baseware/plays/roles/java/tasks/main.yml:16
2018-07-05 12:23:33,643 p=16061 u=oonisim |  Thursday 05 July 2018  12:23:33 +1000 (0:00:00.110)       0:00:11.698 ********* 
2018-07-05 12:23:33,808 p=16061 u=oonisim |  ok: [54.67.77.29] => {
    "ansible_facts": {
        "java_packages": [
            "java-1.8.0-openjdk"
        ]
    }, 
    "changed": false
}
2018-07-05 12:23:33,809 p=16061 u=oonisim |  ok: [13.57.226.104] => {
    "ansible_facts": {
        "java_packages": [
            "java-1.8.0-openjdk"
        ]
    }, 
    "changed": false
}
2018-07-05 12:23:33,875 p=16061 u=oonisim |   _____________________________ 
< TASK [java : include_tasks] >
 ----------------------------- 
        \   ^__^
         \  (oo)\_______
            (__)\       )\/\
                ||----w |
                ||     ||


2018-07-05 12:23:33,876 p=16061 u=oonisim |  task path: /Users/oonisim/Home/Study/Computing/04.Technologies/GA/Spark/Apache-Spark-Installation/cluster/ansible/cluster/03_baseware/plays/roles/java/tasks/main.yml:22
2018-07-05 12:23:33,877 p=16061 u=oonisim |  Thursday 05 July 2018  12:23:33 +1000 (0:00:00.233)       0:00:11.932 ********* 
2018-07-05 12:23:34,031 p=16061 u=oonisim |  included: /Users/oonisim/Home/Study/Computing/04.Technologies/GA/Spark/Apache-Spark-Installation/cluster/ansible/cluster/03_baseware/plays/roles/java/tasks/setup-RedHat.yml for 13.57.226.104, 54.67.77.29
2018-07-05 12:23:34,092 p=16061 u=oonisim |   _________________________________________ 
< TASK [java : Ensure Java is installed.] >
 ----------------------------------------- 
        \   ^__^
         \  (oo)\_______
            (__)\       )\/\
                ||----w |
                ||     ||


2018-07-05 12:23:34,093 p=16061 u=oonisim |  task path: /Users/oonisim/Home/Study/Computing/04.Technologies/GA/Spark/Apache-Spark-Installation/cluster/ansible/cluster/03_baseware/plays/roles/java/tasks/setup-RedHat.yml:2
2018-07-05 12:23:34,093 p=16061 u=oonisim |  Thursday 05 July 2018  12:23:34 +1000 (0:00:00.216)       0:00:12.149 ********* 
2018-07-05 12:23:34,221 p=16061 u=oonisim |  Running yum
2018-07-05 12:23:34,244 p=16061 u=oonisim |  Running yum
2018-07-05 12:23:34,484 p=16061 u=oonisim |  Using module file /Library/Frameworks/Python.framework/Versions/2.7/lib/python2.7/site-packages/ansible/modules/packaging/os/yum.py
2018-07-05 12:23:34,486 p=16061 u=oonisim |  Using module file /Library/Frameworks/Python.framework/Versions/2.7/lib/python2.7/site-packages/ansible/modules/packaging/os/yum.py
2018-07-05 12:23:38,053 p=16061 u=oonisim |  ok: [13.57.226.104] => (item=java-1.8.0-openjdk) => {
    "changed": false, 
    "invocation": {
        "module_args": {
            "allow_downgrade": false, 
            "conf_file": null, 
            "disable_gpg_check": false, 
            "disablerepo": null, 
            "enablerepo": null, 
            "exclude": null, 
            "install_repoquery": true, 
            "installroot": "/", 
            "list": null, 
            "name": [
                "java-1.8.0-openjdk"
            ], 
            "security": false, 
            "skip_broken": false, 
            "state": "present", 
            "update_cache": false, 
            "validate_certs": true
        }
    }, 
    "item": "java-1.8.0-openjdk", 
    "msg": "", 
    "rc": 0, 
    "results": [
        "1:java-1.8.0-openjdk-1.8.0.171-8.b10.el7_5.x86_64 providing java-1.8.0-openjdk is already installed"
    ]
}
2018-07-05 12:23:38,304 p=16061 u=oonisim |  ok: [54.67.77.29] => (item=java-1.8.0-openjdk) => {
    "changed": false, 
    "invocation": {
        "module_args": {
            "allow_downgrade": false, 
            "conf_file": null, 
            "disable_gpg_check": false, 
            "disablerepo": null, 
            "enablerepo": null, 
            "exclude": null, 
            "install_repoquery": true, 
            "installroot": "/", 
            "list": null, 
            "name": [
                "java-1.8.0-openjdk"
            ], 
            "security": false, 
            "skip_broken": false, 
            "state": "present", 
            "update_cache": false, 
            "validate_certs": true
        }
    }, 
    "item": "java-1.8.0-openjdk", 
    "msg": "", 
    "rc": 0, 
    "results": [
        "1:java-1.8.0-openjdk-1.8.0.171-8.b10.el7_5.x86_64 providing java-1.8.0-openjdk is already installed"
    ]
}
2018-07-05 12:23:38,451 p=16061 u=oonisim |   _____________________________ 
< TASK [java : include_tasks] >
 ----------------------------- 
        \   ^__^
         \  (oo)\_______
            (__)\       )\/\
                ||----w |
                ||     ||


2018-07-05 12:23:38,451 p=16061 u=oonisim |  task path: /Users/oonisim/Home/Study/Computing/04.Technologies/GA/Spark/Apache-Spark-Installation/cluster/ansible/cluster/03_baseware/plays/roles/java/tasks/main.yml:25
2018-07-05 12:23:38,452 p=16061 u=oonisim |  Thursday 05 July 2018  12:23:38 +1000 (0:00:04.358)       0:00:16.507 ********* 
2018-07-05 12:23:38,494 p=16061 u=oonisim |  skipping: [13.57.226.104] => {
    "changed": false, 
    "skip_reason": "Conditional result was False"
}
2018-07-05 12:23:38,514 p=16061 u=oonisim |  skipping: [54.67.77.29] => {
    "changed": false, 
    "skip_reason": "Conditional result was False"
}
2018-07-05 12:23:38,590 p=16061 u=oonisim |   _____________________________ 
< TASK [java : include_tasks] >
 ----------------------------- 
        \   ^__^
         \  (oo)\_______
            (__)\       )\/\
                ||----w |
                ||     ||


2018-07-05 12:23:38,591 p=16061 u=oonisim |  task path: /Users/oonisim/Home/Study/Computing/04.Technologies/GA/Spark/Apache-Spark-Installation/cluster/ansible/cluster/03_baseware/plays/roles/java/tasks/main.yml:28
2018-07-05 12:23:38,591 p=16061 u=oonisim |  Thursday 05 July 2018  12:23:38 +1000 (0:00:00.138)       0:00:16.646 ********* 
2018-07-05 12:23:38,630 p=16061 u=oonisim |  skipping: [13.57.226.104] => {
    "changed": false, 
    "skip_reason": "Conditional result was False"
}
2018-07-05 12:23:38,657 p=16061 u=oonisim |  skipping: [54.67.77.29] => {
    "changed": false, 
    "skip_reason": "Conditional result was False"
}
2018-07-05 12:23:38,777 p=16061 u=oonisim |   ____________________________________________ 
< TASK [java : Set JAVA_HOME if configured.] >
 -------------------------------------------- 
        \   ^__^
         \  (oo)\_______
            (__)\       )\/\
                ||----w |
                ||     ||


2018-07-05 12:23:38,778 p=16061 u=oonisim |  task path: /Users/oonisim/Home/Study/Computing/04.Technologies/GA/Spark/Apache-Spark-Installation/cluster/ansible/cluster/03_baseware/plays/roles/java/tasks/main.yml:32
2018-07-05 12:23:38,779 p=16061 u=oonisim |  Thursday 05 July 2018  12:23:38 +1000 (0:00:00.187)       0:00:16.834 ********* 
2018-07-05 12:23:40,004 p=16061 u=oonisim |  Using module file /Library/Frameworks/Python.framework/Versions/2.7/lib/python2.7/site-packages/ansible/modules/files/stat.py
2018-07-05 12:23:40,005 p=16061 u=oonisim |  Using module file /Library/Frameworks/Python.framework/Versions/2.7/lib/python2.7/site-packages/ansible/modules/files/stat.py
2018-07-05 12:23:44,149 p=16061 u=oonisim |  Using module file /Library/Frameworks/Python.framework/Versions/2.7/lib/python2.7/site-packages/ansible/modules/files/copy.py
2018-07-05 12:23:44,150 p=16061 u=oonisim |  Using module file /Library/Frameworks/Python.framework/Versions/2.7/lib/python2.7/site-packages/ansible/modules/files/copy.py
2018-07-05 12:23:46,781 p=16061 u=oonisim |  changed: [54.67.77.29] => {
    "changed": true, 
    "checksum": "0bcfe6a93a09ddfc3911b77f482537a89df305cd", 
    "dest": "/etc/profile.d/java_home.sh", 
    "diff": [], 
    "gid": 0, 
    "group": "root", 
    "invocation": {
        "module_args": {
            "attributes": null, 
            "backup": false, 
            "content": null, 
            "delimiter": null, 
            "dest": "/etc/profile.d/java_home.sh", 
            "directory_mode": null, 
            "follow": false, 
            "force": true, 
            "group": null, 
            "local_follow": null, 
            "mode": 420, 
            "original_basename": "java_home.sh.j2", 
            "owner": null, 
            "regexp": null, 
            "remote_src": null, 
            "selevel": null, 
            "serole": null, 
            "setype": null, 
            "seuser": null, 
            "src": "/home/centos/.ansible/tmp/ansible-tmp-1530757419.02-144281758019329/source", 
            "unsafe_writes": null, 
            "validate": null
        }
    }, 
    "md5sum": "f8fd17017fafe237476c0a394effbaa6", 
    "mode": "0644", 
    "owner": "root", 
    "secontext": "system_u:object_r:bin_t:s0", 
    "size": 110, 
    "src": "/home/centos/.ansible/tmp/ansible-tmp-1530757419.02-144281758019329/source", 
    "state": "file", 
    "uid": 0
}
2018-07-05 12:23:47,276 p=16061 u=oonisim |  changed: [13.57.226.104] => {
    "changed": true, 
    "checksum": "0bcfe6a93a09ddfc3911b77f482537a89df305cd", 
    "dest": "/etc/profile.d/java_home.sh", 
    "diff": [], 
    "gid": 0, 
    "group": "root", 
    "invocation": {
        "module_args": {
            "attributes": null, 
            "backup": false, 
            "content": null, 
            "delimiter": null, 
            "dest": "/etc/profile.d/java_home.sh", 
            "directory_mode": null, 
            "follow": false, 
            "force": true, 
            "group": null, 
            "local_follow": null, 
            "mode": 420, 
            "original_basename": "java_home.sh.j2", 
            "owner": null, 
            "regexp": null, 
            "remote_src": null, 
            "selevel": null, 
            "serole": null, 
            "setype": null, 
            "seuser": null, 
            "src": "/home/centos/.ansible/tmp/ansible-tmp-1530757419.01-224653750358848/source", 
            "unsafe_writes": null, 
            "validate": null
        }
    }, 
    "md5sum": "f8fd17017fafe237476c0a394effbaa6", 
    "mode": "0644", 
    "owner": "root", 
    "secontext": "system_u:object_r:bin_t:s0", 
    "size": 110, 
    "src": "/home/centos/.ansible/tmp/ansible-tmp-1530757419.01-224653750358848/source", 
    "state": "file", 
    "uid": 0
}
2018-07-05 12:23:47,279 p=16061 u=oonisim |  META: ran handlers
2018-07-05 12:23:47,280 p=16061 u=oonisim |  META: ran handlers
2018-07-05 12:23:47,409 p=16061 u=oonisim |   _________________________ 
< PLAY [Setup for master] >
 ------------------------- 
        \   ^__^
         \  (oo)\_______
            (__)\       )\/\
                ||----w |
                ||     ||


2018-07-05 12:23:47,566 p=16061 u=oonisim |   ________________________ 
< TASK [Gathering Facts] >
 ------------------------ 
        \   ^__^
         \  (oo)\_______
            (__)\       )\/\
                ||----w |
                ||     ||


2018-07-05 12:23:47,567 p=16061 u=oonisim |  Thursday 05 July 2018  12:23:47 +1000 (0:00:08.787)       0:00:25.622 ********* 
2018-07-05 12:23:47,876 p=16061 u=oonisim |  Using module file /Library/Frameworks/Python.framework/Versions/2.7/lib/python2.7/site-packages/ansible/modules/system/setup.py
2018-07-05 12:23:55,138 p=16061 u=oonisim |  ok: [184.169.240.153]
2018-07-05 12:23:55,173 p=16061 u=oonisim |  META: ran handlers
2018-07-05 12:23:55,274 p=16061 u=oonisim |   ______________________________________________ 
< TASK [java : Include OS-specific variables.] >
 ---------------------------------------------- 
        \   ^__^
         \  (oo)\_______
            (__)\       )\/\
                ||----w |
                ||     ||


2018-07-05 12:23:55,275 p=16061 u=oonisim |  task path: /Users/oonisim/Home/Study/Computing/04.Technologies/GA/Spark/Apache-Spark-Installation/cluster/ansible/cluster/03_baseware/plays/roles/java/tasks/main.yml:2
2018-07-05 12:23:55,276 p=16061 u=oonisim |  Thursday 05 July 2018  12:23:55 +1000 (0:00:07.709)       0:00:33.331 ********* 
2018-07-05 12:23:55,581 p=16061 u=oonisim |  ok: [184.169.240.153] => {
    "ansible_facts": {
        "__java_packages": [
            "java-1.8.0-openjdk"
        ]
    }, 
    "ansible_included_var_files": [
        "/Users/oonisim/Home/Study/Computing/04.Technologies/GA/Spark/Apache-Spark-Installation/cluster/ansible/cluster/03_baseware/plays/roles/java/vars/RedHat.yml"
    ], 
    "changed": false
}
2018-07-05 12:23:55,670 p=16061 u=oonisim |   _________________________________________________________ 
< TASK [java : Include OS-specific variables for Fedora.] >
 --------------------------------------------------------- 
        \   ^__^
         \  (oo)\_______
            (__)\       )\/\
                ||----w |
                ||     ||


2018-07-05 12:23:55,671 p=16061 u=oonisim |  task path: /Users/oonisim/Home/Study/Computing/04.Technologies/GA/Spark/Apache-Spark-Installation/cluster/ansible/cluster/03_baseware/plays/roles/java/tasks/main.yml:8
2018-07-05 12:23:55,672 p=16061 u=oonisim |  Thursday 05 July 2018  12:23:55 +1000 (0:00:00.396)       0:00:33.727 ********* 
2018-07-05 12:23:55,709 p=16061 u=oonisim |  skipping: [184.169.240.153] => {
    "changed": false, 
    "skip_reason": "Conditional result was False"
}
2018-07-05 12:23:55,795 p=16061 u=oonisim |   _____________________________________________________ 
/ TASK [java : Include version-specific variables for \
\ Debian.]                                            /
 ----------------------------------------------------- 
        \   ^__^
         \  (oo)\_______
            (__)\       )\/\
                ||----w |
                ||     ||


2018-07-05 12:23:55,796 p=16061 u=oonisim |  task path: /Users/oonisim/Home/Study/Computing/04.Technologies/GA/Spark/Apache-Spark-Installation/cluster/ansible/cluster/03_baseware/plays/roles/java/tasks/main.yml:12
2018-07-05 12:23:55,796 p=16061 u=oonisim |  Thursday 05 July 2018  12:23:55 +1000 (0:00:00.124)       0:00:33.851 ********* 
2018-07-05 12:23:55,833 p=16061 u=oonisim |  skipping: [184.169.240.153] => {
    "changed": false, 
    "skip_reason": "Conditional result was False"
}
2018-07-05 12:23:55,920 p=16061 u=oonisim |   _____________________________________ 
< TASK [java : Define java_packages.] >
 ------------------------------------- 
        \   ^__^
         \  (oo)\_______
            (__)\       )\/\
                ||----w |
                ||     ||


2018-07-05 12:23:55,921 p=16061 u=oonisim |  task path: /Users/oonisim/Home/Study/Computing/04.Technologies/GA/Spark/Apache-Spark-Installation/cluster/ansible/cluster/03_baseware/plays/roles/java/tasks/main.yml:16
2018-07-05 12:23:55,922 p=16061 u=oonisim |  Thursday 05 July 2018  12:23:55 +1000 (0:00:00.125)       0:00:33.977 ********* 
2018-07-05 12:23:56,098 p=16061 u=oonisim |  ok: [184.169.240.153] => {
    "ansible_facts": {
        "java_packages": [
            "java-1.8.0-openjdk"
        ]
    }, 
    "changed": false
}
2018-07-05 12:23:56,194 p=16061 u=oonisim |   _____________________________ 
< TASK [java : include_tasks] >
 ----------------------------- 
        \   ^__^
         \  (oo)\_______
            (__)\       )\/\
                ||----w |
                ||     ||


2018-07-05 12:23:56,198 p=16061 u=oonisim |  task path: /Users/oonisim/Home/Study/Computing/04.Technologies/GA/Spark/Apache-Spark-Installation/cluster/ansible/cluster/03_baseware/plays/roles/java/tasks/main.yml:22
2018-07-05 12:23:56,199 p=16061 u=oonisim |  Thursday 05 July 2018  12:23:56 +1000 (0:00:00.276)       0:00:34.254 ********* 
2018-07-05 12:23:56,307 p=16061 u=oonisim |  included: /Users/oonisim/Home/Study/Computing/04.Technologies/GA/Spark/Apache-Spark-Installation/cluster/ansible/cluster/03_baseware/plays/roles/java/tasks/setup-RedHat.yml for 184.169.240.153
2018-07-05 12:23:56,541 p=16061 u=oonisim |   _________________________________________ 
< TASK [java : Ensure Java is installed.] >
 ----------------------------------------- 
        \   ^__^
         \  (oo)\_______
            (__)\       )\/\
                ||----w |
                ||     ||


2018-07-05 12:23:56,542 p=16061 u=oonisim |  task path: /Users/oonisim/Home/Study/Computing/04.Technologies/GA/Spark/Apache-Spark-Installation/cluster/ansible/cluster/03_baseware/plays/roles/java/tasks/setup-RedHat.yml:2
2018-07-05 12:23:56,543 p=16061 u=oonisim |  Thursday 05 July 2018  12:23:56 +1000 (0:00:00.343)       0:00:34.598 ********* 
2018-07-05 12:23:56,776 p=16061 u=oonisim |  Running yum
2018-07-05 12:23:56,975 p=16061 u=oonisim |  Using module file /Library/Frameworks/Python.framework/Versions/2.7/lib/python2.7/site-packages/ansible/modules/packaging/os/yum.py
2018-07-05 12:23:59,343 p=16061 u=oonisim |  ok: [184.169.240.153] => (item=java-1.8.0-openjdk) => {
    "changed": false, 
    "invocation": {
        "module_args": {
            "allow_downgrade": false, 
            "conf_file": null, 
            "disable_gpg_check": false, 
            "disablerepo": null, 
            "enablerepo": null, 
            "exclude": null, 
            "install_repoquery": true, 
            "installroot": "/", 
            "list": null, 
            "name": [
                "java-1.8.0-openjdk"
            ], 
            "security": false, 
            "skip_broken": false, 
            "state": "present", 
            "update_cache": false, 
            "validate_certs": true
        }
    }, 
    "item": "java-1.8.0-openjdk", 
    "msg": "", 
    "rc": 0, 
    "results": [
        "1:java-1.8.0-openjdk-1.8.0.171-8.b10.el7_5.x86_64 providing java-1.8.0-openjdk is already installed"
    ]
}
2018-07-05 12:24:00,116 p=16061 u=oonisim |   _____________________________ 
< TASK [java : include_tasks] >
 ----------------------------- 
        \   ^__^
         \  (oo)\_______
            (__)\       )\/\
                ||----w |
                ||     ||


2018-07-05 12:24:00,117 p=16061 u=oonisim |  task path: /Users/oonisim/Home/Study/Computing/04.Technologies/GA/Spark/Apache-Spark-Installation/cluster/ansible/cluster/03_baseware/plays/roles/java/tasks/main.yml:25
2018-07-05 12:24:00,117 p=16061 u=oonisim |  Thursday 05 July 2018  12:24:00 +1000 (0:00:03.574)       0:00:38.173 ********* 
2018-07-05 12:24:00,145 p=16061 u=oonisim |  skipping: [184.169.240.153] => {
    "changed": false, 
    "skip_reason": "Conditional result was False"
}
2018-07-05 12:24:00,219 p=16061 u=oonisim |   _____________________________ 
< TASK [java : include_tasks] >
 ----------------------------- 
        \   ^__^
         \  (oo)\_______
            (__)\       )\/\
                ||----w |
                ||     ||


2018-07-05 12:24:00,220 p=16061 u=oonisim |  task path: /Users/oonisim/Home/Study/Computing/04.Technologies/GA/Spark/Apache-Spark-Installation/cluster/ansible/cluster/03_baseware/plays/roles/java/tasks/main.yml:28
2018-07-05 12:24:00,221 p=16061 u=oonisim |  Thursday 05 July 2018  12:24:00 +1000 (0:00:00.103)       0:00:38.276 ********* 
2018-07-05 12:24:00,260 p=16061 u=oonisim |  skipping: [184.169.240.153] => {
    "changed": false, 
    "skip_reason": "Conditional result was False"
}
2018-07-05 12:24:00,325 p=16061 u=oonisim |   ____________________________________________ 
< TASK [java : Set JAVA_HOME if configured.] >
 -------------------------------------------- 
        \   ^__^
         \  (oo)\_______
            (__)\       )\/\
                ||----w |
                ||     ||


2018-07-05 12:24:00,326 p=16061 u=oonisim |  task path: /Users/oonisim/Home/Study/Computing/04.Technologies/GA/Spark/Apache-Spark-Installation/cluster/ansible/cluster/03_baseware/plays/roles/java/tasks/main.yml:32
2018-07-05 12:24:00,326 p=16061 u=oonisim |  Thursday 05 July 2018  12:24:00 +1000 (0:00:00.105)       0:00:38.381 ********* 
2018-07-05 12:24:01,661 p=16061 u=oonisim |  Using module file /Library/Frameworks/Python.framework/Versions/2.7/lib/python2.7/site-packages/ansible/modules/files/stat.py
2018-07-05 12:24:05,752 p=16061 u=oonisim |  Using module file /Library/Frameworks/Python.framework/Versions/2.7/lib/python2.7/site-packages/ansible/modules/files/copy.py
2018-07-05 12:24:07,393 p=16061 u=oonisim |  changed: [184.169.240.153] => {
    "changed": true, 
    "checksum": "0bcfe6a93a09ddfc3911b77f482537a89df305cd", 
    "dest": "/etc/profile.d/java_home.sh", 
    "diff": [], 
    "gid": 0, 
    "group": "root", 
    "invocation": {
        "module_args": {
            "attributes": null, 
            "backup": false, 
            "content": null, 
            "delimiter": null, 
            "dest": "/etc/profile.d/java_home.sh", 
            "directory_mode": null, 
            "follow": false, 
            "force": true, 
            "group": null, 
            "local_follow": null, 
            "mode": 420, 
            "original_basename": "java_home.sh.j2", 
            "owner": null, 
            "regexp": null, 
            "remote_src": null, 
            "selevel": null, 
            "serole": null, 
            "setype": null, 
            "seuser": null, 
            "src": "/home/centos/.ansible/tmp/ansible-tmp-1530757440.71-194829226925355/source", 
            "unsafe_writes": null, 
            "validate": null
        }
    }, 
    "md5sum": "f8fd17017fafe237476c0a394effbaa6", 
    "mode": "0644", 
    "owner": "root", 
    "secontext": "system_u:object_r:bin_t:s0", 
    "size": 110, 
    "src": "/home/centos/.ansible/tmp/ansible-tmp-1530757440.71-194829226925355/source", 
    "state": "file", 
    "uid": 0
}
2018-07-05 12:24:07,395 p=16061 u=oonisim |  META: ran handlers
2018-07-05 12:24:07,396 p=16061 u=oonisim |  META: ran handlers
2018-07-05 12:24:07,435 p=16061 u=oonisim |   ____________ 
< PLAY RECAP >
 ------------ 
        \   ^__^
         \  (oo)\_______
            (__)\       )\/\
                ||----w |
                ||     ||


2018-07-05 12:24:07,436 p=16061 u=oonisim |  13.57.226.104              : ok=6    changed=1    unreachable=0    failed=0   
2018-07-05 12:24:07,436 p=16061 u=oonisim |  184.169.240.153            : ok=6    changed=1    unreachable=0    failed=0   
2018-07-05 12:24:07,436 p=16061 u=oonisim |  54.67.77.29                : ok=6    changed=1    unreachable=0    failed=0   
2018-07-05 12:24:07,437 p=16061 u=oonisim |  Thursday 05 July 2018  12:24:07 +1000 (0:00:07.110)       0:00:45.492 ********* 
2018-07-05 12:24:07,437 p=16061 u=oonisim |  =============================================================================== 
2018-07-05 12:24:07,437 p=16061 u=oonisim |  Gathering Facts -------------------------------------------------------------------------------------------------------------------------------------------------------------------------------------------------------------------------------------------------------- 10.18s
 ------------------------------------------------------------------------------------------------------------------------------------------------------------------------------------------------------------------------------------------------------------------------------
2018-07-05 12:24:07,437 p=16061 u=oonisim |  java : Set JAVA_HOME if configured. ------------------------------------------------------------------------------------------------------------------------------------------------------------------------------------------------------------------------------------- 8.79s
/Users/oonisim/Home/Study/Computing/04.Technologies/GA/Spark/Apache-Spark-Installation/cluster/ansible/cluster/03_baseware/plays/roles/java/tasks/main.yml:32 -----------------------------------------------------------------------------------------------------------------
2018-07-05 12:24:07,438 p=16061 u=oonisim |  Gathering Facts --------------------------------------------------------------------------------------------------------------------------------------------------------------------------------------------------------------------------------------------------------- 7.71s
 ------------------------------------------------------------------------------------------------------------------------------------------------------------------------------------------------------------------------------------------------------------------------------
2018-07-05 12:24:07,438 p=16061 u=oonisim |  java : Set JAVA_HOME if configured. ------------------------------------------------------------------------------------------------------------------------------------------------------------------------------------------------------------------------------------- 7.11s
/Users/oonisim/Home/Study/Computing/04.Technologies/GA/Spark/Apache-Spark-Installation/cluster/ansible/cluster/03_baseware/plays/roles/java/tasks/main.yml:32 -----------------------------------------------------------------------------------------------------------------
2018-07-05 12:24:07,464 p=16061 u=oonisim |  java : Ensure Java is installed. ---------------------------------------------------------------------------------------------------------------------------------------------------------------------------------------------------------------------------------------- 4.36s
/Users/oonisim/Home/Study/Computing/04.Technologies/GA/Spark/Apache-Spark-Installation/cluster/ansible/cluster/03_baseware/plays/roles/java/tasks/setup-RedHat.yml:2 ----------------------------------------------------------------------------------------------------------
2018-07-05 12:24:07,465 p=16061 u=oonisim |  java : Ensure Java is installed. ---------------------------------------------------------------------------------------------------------------------------------------------------------------------------------------------------------------------------------------- 3.57s
/Users/oonisim/Home/Study/Computing/04.Technologies/GA/Spark/Apache-Spark-Installation/cluster/ansible/cluster/03_baseware/plays/roles/java/tasks/setup-RedHat.yml:2 ----------------------------------------------------------------------------------------------------------
2018-07-05 12:24:07,465 p=16061 u=oonisim |  java : Include OS-specific variables. ----------------------------------------------------------------------------------------------------------------------------------------------------------------------------------------------------------------------------------- 0.40s
/Users/oonisim/Home/Study/Computing/04.Technologies/GA/Spark/Apache-Spark-Installation/cluster/ansible/cluster/03_baseware/plays/roles/java/tasks/main.yml:2 ------------------------------------------------------------------------------------------------------------------
2018-07-05 12:24:07,466 p=16061 u=oonisim |  java : include_tasks ---------------------------------------------------------------------------------------------------------------------------------------------------------------------------------------------------------------------------------------------------- 0.34s
/Users/oonisim/Home/Study/Computing/04.Technologies/GA/Spark/Apache-Spark-Installation/cluster/ansible/cluster/03_baseware/plays/roles/java/tasks/main.yml:22 -----------------------------------------------------------------------------------------------------------------
2018-07-05 12:24:07,466 p=16061 u=oonisim |  java : Define java_packages. -------------------------------------------------------------------------------------------------------------------------------------------------------------------------------------------------------------------------------------------- 0.28s
/Users/oonisim/Home/Study/Computing/04.Technologies/GA/Spark/Apache-Spark-Installation/cluster/ansible/cluster/03_baseware/plays/roles/java/tasks/main.yml:16 -----------------------------------------------------------------------------------------------------------------
2018-07-05 12:24:07,466 p=16061 u=oonisim |  java : Define java_packages. -------------------------------------------------------------------------------------------------------------------------------------------------------------------------------------------------------------------------------------------- 0.23s
/Users/oonisim/Home/Study/Computing/04.Technologies/GA/Spark/Apache-Spark-Installation/cluster/ansible/cluster/03_baseware/plays/roles/java/tasks/main.yml:16 -----------------------------------------------------------------------------------------------------------------
2018-07-05 12:24:07,466 p=16061 u=oonisim |  java : include_tasks ---------------------------------------------------------------------------------------------------------------------------------------------------------------------------------------------------------------------------------------------------- 0.22s
/Users/oonisim/Home/Study/Computing/04.Technologies/GA/Spark/Apache-Spark-Installation/cluster/ansible/cluster/03_baseware/plays/roles/java/tasks/main.yml:22 -----------------------------------------------------------------------------------------------------------------
2018-07-05 12:24:07,473 p=16061 u=oonisim |  java : Include OS-specific variables. ----------------------------------------------------------------------------------------------------------------------------------------------------------------------------------------------------------------------------------- 0.21s
/Users/oonisim/Home/Study/Computing/04.Technologies/GA/Spark/Apache-Spark-Installation/cluster/ansible/cluster/03_baseware/plays/roles/java/tasks/main.yml:2 ------------------------------------------------------------------------------------------------------------------
2018-07-05 12:24:07,474 p=16061 u=oonisim |  java : include_tasks ---------------------------------------------------------------------------------------------------------------------------------------------------------------------------------------------------------------------------------------------------- 0.19s
/Users/oonisim/Home/Study/Computing/04.Technologies/GA/Spark/Apache-Spark-Installation/cluster/ansible/cluster/03_baseware/plays/roles/java/tasks/main.yml:28 -----------------------------------------------------------------------------------------------------------------
2018-07-05 12:24:07,474 p=16061 u=oonisim |  java : include_tasks ---------------------------------------------------------------------------------------------------------------------------------------------------------------------------------------------------------------------------------------------------- 0.14s
/Users/oonisim/Home/Study/Computing/04.Technologies/GA/Spark/Apache-Spark-Installation/cluster/ansible/cluster/03_baseware/plays/roles/java/tasks/main.yml:25 -----------------------------------------------------------------------------------------------------------------
2018-07-05 12:24:07,474 p=16061 u=oonisim |  java : Include version-specific variables for Debian. ------------------------------------------------------------------------------------------------------------------------------------------------------------------------------------------------------------------- 0.13s
/Users/oonisim/Home/Study/Computing/04.Technologies/GA/Spark/Apache-Spark-Installation/cluster/ansible/cluster/03_baseware/plays/roles/java/tasks/main.yml:12 -----------------------------------------------------------------------------------------------------------------
2018-07-05 12:24:07,475 p=16061 u=oonisim |  java : Include OS-specific variables for Fedora. ------------------------------------------------------------------------------------------------------------------------------------------------------------------------------------------------------------------------ 0.12s
/Users/oonisim/Home/Study/Computing/04.Technologies/GA/Spark/Apache-Spark-Installation/cluster/ansible/cluster/03_baseware/plays/roles/java/tasks/main.yml:8 ------------------------------------------------------------------------------------------------------------------
2018-07-05 12:24:07,476 p=16061 u=oonisim |  java : Include OS-specific variables for Fedora. ------------------------------------------------------------------------------------------------------------------------------------------------------------------------------------------------------------------------ 0.11s
/Users/oonisim/Home/Study/Computing/04.Technologies/GA/Spark/Apache-Spark-Installation/cluster/ansible/cluster/03_baseware/plays/roles/java/tasks/main.yml:8 ------------------------------------------------------------------------------------------------------------------
2018-07-05 12:24:07,477 p=16061 u=oonisim |  java : Include version-specific variables for Debian. ------------------------------------------------------------------------------------------------------------------------------------------------------------------------------------------------------------------- 0.11s
/Users/oonisim/Home/Study/Computing/04.Technologies/GA/Spark/Apache-Spark-Installation/cluster/ansible/cluster/03_baseware/plays/roles/java/tasks/main.yml:12 -----------------------------------------------------------------------------------------------------------------
2018-07-05 12:24:07,477 p=16061 u=oonisim |  java : include_tasks ---------------------------------------------------------------------------------------------------------------------------------------------------------------------------------------------------------------------------------------------------- 0.11s
/Users/oonisim/Home/Study/Computing/04.Technologies/GA/Spark/Apache-Spark-Installation/cluster/ansible/cluster/03_baseware/plays/roles/java/tasks/main.yml:28 -----------------------------------------------------------------------------------------------------------------
2018-07-05 12:24:07,478 p=16061 u=oonisim |  java : include_tasks ---------------------------------------------------------------------------------------------------------------------------------------------------------------------------------------------------------------------------------------------------- 0.10s
/Users/oonisim/Home/Study/Computing/04.Technologies/GA/Spark/Apache-Spark-Installation/cluster/ansible/cluster/03_baseware/plays/roles/java/tasks/main.yml:25 -----------------------------------------------------------------------------------------------------------------
